<?xml version="1.0" encoding="UTF-8"?>
<!-- Generated by org.testng.reporters.JUnitReportReporter -->
<testsuite hostname="LAPTOP-EU2MJI42" failures="0" tests="2" name="test.Day1" time="0.010" errors="0" timestamp="14 Feb 2021 17:57:23 GMT" skipped="0">
  <testcase classname="test.Day1" name="seconddemo" time="0.002"/>
  <testcase classname="test.Day1" name="demo" time="0.008"/>
</testsuite> <!-- test.Day1 -->
