<?xml version="1.0" encoding="UTF-8"?>
<!-- Generated by org.testng.reporters.JUnitReportReporter -->
<testsuite hostname="LAPTOP-EU2MJI42" failures="0" tests="1" name="test.Day2" time="0.007" errors="0" timestamp="14 Feb 2021 17:57:23 GMT" skipped="0">
  <testcase classname="test.Day2" name="loan" time="0.007"/>
</testsuite> <!-- test.Day2 -->
