<?xml version="1.0" encoding="UTF-8"?>
<!-- Generated by org.testng.reporters.JUnitReportReporter -->
<testsuite hostname="LAPTOP-EU2MJI42" failures="0" tests="2" name="test" time="0.012" errors="0" timestamp="14 Feb 2021 17:41:48 GMT" skipped="0">
  <testcase classname="test" name="Demo" time="0.010"/>
  <testcase classname="test" name="Second" time="0.002"/>
</testsuite> <!-- test -->
